{"C:\\Users\\miles\\OneDrive\\Desktop\\ITM 350\\pattern.js": {"path":"C:\\Users\\miles\\OneDrive\\Desktop\\ITM 350\\pattern.js","statementMap":{"0":{"start":{"line":2,"column":2},"end":{"line":2,"column":44}},"1":{"start":{"line":2,"column":31},"end":{"line":2,"column":44}},"2":{"start":{"line":3,"column":2},"end":{"line":3,"column":29}},"3":{"start":{"line":3,"column":16},"end":{"line":3,"column":29}},"4":{"start":{"line":4,"column":2},"end":{"line":4,"column":30}},"5":{"start":{"line":4,"column":17},"end":{"line":4,"column":30}},"6":{"start":{"line":5,"column":2},"end":{"line":5,"column":14}},"7":{"start":{"line":8,"column":0},"end":{"line":8,"column":32}}},"fnMap":{"0":{"name":"isValidAge","decl":{"start":{"line":1,"column":9},"end":{"line":1,"column":19}},"loc":{"start":{"line":1,"column":25},"end":{"line":6,"column":1}},"line":1}},"branchMap":{"0":{"loc":{"start":{"line":2,"column":2},"end":{"line":2,"column":44}},"type":"if","locations":[{"start":{"line":2,"column":2},"end":{"line":2,"column":44}},{"start":{},"end":{}}],"line":2},"1":{"loc":{"start":{"line":3,"column":2},"end":{"line":3,"column":29}},"type":"if","locations":[{"start":{"line":3,"column":2},"end":{"line":3,"column":29}},{"start":{},"end":{}}],"line":3},"2":{"loc":{"start":{"line":4,"column":2},"end":{"line":4,"column":30}},"type":"if","locations":[{"start":{"line":4,"column":2},"end":{"line":4,"column":30}},{"start":{},"end":{}}],"line":4}},"s":{"0":8,"1":3,"2":5,"3":2,"4":3,"5":1,"6":2,"7":1},"f":{"0":8},"b":{"0":[3,5],"1":[2,3],"2":[1,2]},"_coverageSchema":"1a1c01bbd47fc00a2c39e90264f33305004495a9","hash":"d3c88be870f6e3522fdac02e9e95c343f0b43557"}
}
